<?xml version="1.0" encoding="UTF-8"?>
<!-- Generated by org.testng.reporters.JUnitXMLReporter -->
<testsuite ignored="0" hostname="DESKTOP-PJLCLMT" failures="1" tests="1" name="SampleECommerceSite" time="215.763" errors="0" timestamp="30 Jun 2019 18:16:28 GMT">
  <testcase classname="ClothesBtnsTest" name="AddToCart" time="0.003">
    <failure type="java.lang.NullPointerException">
        <![CDATA[java.lang.NullPointerException
at pages.Clothes.getWomenBtn(Clothes.java:22)
at ClothesBtnsTest.AddToCart(ClothesBtnsTest.java:36)
... Removed 24 stack frames]]>
    </failure>
  </testcase> <!-- AddToCart -->
</testsuite> <!-- SampleECommerceSite -->
